<?xml version="1.0" encoding="UTF-8"?>
<testng-results skipped="0" failed="0" total="1" passed="1">
  <reporter-output>
  </reporter-output>
  <suite name="Default suite" duration-ms="3376" started-at="2016-06-15T11:35:04Z" finished-at="2016-06-15T11:35:07Z">
    <groups>
    </groups>
    <test name="Default test" duration-ms="3376" started-at="2016-06-15T11:35:04Z" finished-at="2016-06-15T11:35:07Z">
      <class name="CountriesRestTests.GetTest">
        <test-method status="PASS" signature="getRequestFindCapital()[pri:0, instance:CountriesRestTests.GetTest@23223dd8]" name="getRequestFindCapital" duration-ms="3347" started-at="2016-06-15T14:35:04Z" finished-at="2016-06-15T14:35:07Z">
          <reporter-output>
          </reporter-output>
        </test-method> <!-- getRequestFindCapital -->
      </class> <!-- CountriesRestTests.GetTest -->
    </test> <!-- Default test -->
  </suite> <!-- Default suite -->
</testng-results>
